<?xml version="1.0" encoding="utf-8"?><testsuites name="pytest tests"><testsuite name="pytest" errors="0" failures="0" skipped="0" tests="9" time="0.410" timestamp="2026-08-30T16:43:15.499091+00:00" hostname="agent-env-2c129834-1a56-4862-a82d-98d4820c6c4b"><testcase classname="tests.test_iteration19_pre_event_email_contract" name="test_subject_is_exact_contract_value" time="0.000" /><testcase classname="tests.test_iteration19_pre_event_email_contract" name="test_body_is_exact_contract_value_without_legacy_date_text" time="0.000" /><testcase classname="tests.test_iteration19_pre_event_email_contract" name="test_dry_run_has_exactly_one_regulation_plus_map[dzieci/urodzinki/standard-Regulamin_Biesiada_pod_Lasem_DZIECI.pdf]" time="0.017" /><testcase classname="tests.test_iteration19_pre_event_email_contract" name="test_dry_run_has_exactly_one_regulation_plus_map[warsztaty/przyrodnicze-Regulamin_Biesiada_pod_Lasem_DZIECI.pdf]" time="0.013" /><testcase classname="tests.test_iteration19_pre_event_email_contract" name="test_dry_run_has_exactly_one_regulation_plus_map[dzieci/wycieczki-Regulamin_Biesiada_pod_Lasem_DZIECI.pdf]" time="0.012" /><testcase classname="tests.test_iteration19_pre_event_email_contract" name="test_dry_run_has_exactly_one_regulation_plus_map[dorosli/okolicznosciowe-Regulamin_Biesiada_pod_Lasem_DOROSLI.pdf]" time="0.013" /><testcase classname="tests.test_iteration19_pre_event_email_contract" name="test_dry_run_has_exactly_one_regulation_plus_map[dorosli/firmowe-Regulamin_Biesiada_pod_Lasem_DOROSLI.pdf]" time="0.012" /><testcase classname="tests.test_iteration19_pre_event_email_contract" name="test_schedule_patch_confirms_confirmed_only_and_exact_48h" time="0.001" /><testcase classname="tests.test_iteration19_pre_event_email_contract" name="test_map_file_exists_with_png_signature_and_exact_filename" time="0.001" /></testsuite></testsuites>