<?xml version="1.0" encoding="utf-8"?><testsuites name="pytest tests"><testsuite name="pytest" errors="0" failures="0" skipped="0" tests="9" time="1.598" timestamp="2026-08-07T20:58:32.038551+00:00" hostname="agent-env-2c129834-1a56-4862-a82d-98d4820c6c4b"><testcase classname="tests.test_iteration2.TestTemplates" name="test_templates_requires_auth" time="0.658" /><testcase classname="tests.test_iteration2.TestTemplates" name="test_templates_empty" time="0.044" /><testcase classname="tests.test_iteration2.TestBackup" name="test_export_backup_shape" time="0.856" /><testcase classname="tests.test_iteration2.TestTemplates" name="test_create_and_list_template" time="0.133" /><testcase classname="tests.test_iteration2.TestTemplates" name="test_delete_template" time="0.089" /><testcase classname="tests.test_iteration2.TestBackup" name="test_import_merge_upserts" time="0.231" /><testcase classname="tests.test_iteration2.TestEventImage" name="test_event_accepts_image_url" time="0.090" /><testcase classname="tests.test_iteration2.TestICal" name="test_ics_valid" time="0.043" /><testcase classname="tests.test_iteration2.TestBackup" name="test_import_replace_wipes_and_reinserts" time="0.149" /></testsuite></testsuites>