<?xml version="1.0" encoding="utf-8"?><testsuites name="pytest tests"><testsuite name="pytest" errors="0" failures="0" skipped="0" tests="8" time="3.396" timestamp="2026-08-07T22:05:56.430275+00:00" hostname="agent-env-2c129834-1a56-4862-a82d-98d4820c6c4b"><testcase classname="tests.test_iteration5.TestDeleteAccount" name="test_delete_without_token_returns_401" time="0.262" /><testcase classname="tests.test_iteration5.TestDeleteAccount" name="test_delete_with_invalid_token_returns_401" time="0.141" /><testcase classname="tests.test_iteration5.TestDeleteAccount" name="test_delete_wipes_user_events_staff_templates" time="0.748" /><testcase classname="tests.test_iteration5.TestDeleteAccount" name="test_delete_isolation_other_user_unaffected" time="0.996" /><testcase classname="tests.test_iteration5.TestSeededUserRegression" name="test_seeded_login_and_me" time="0.449" /><testcase classname="tests.test_iteration5.TestSeededUserRegression" name="test_seeded_user_core_endpoints" time="0.633" /><testcase classname="tests.test_iteration5.TestJwtSecretEnv" name="test_jwt_secret_in_env_file" time="0.000" /><testcase classname="tests.test_iteration5.TestJwtSecretEnv" name="test_backend_up_and_root" time="0.104" /></testsuite></testsuites>