<?xml version="1.0" encoding="utf-8"?><testsuites name="pytest tests"><testsuite name="pytest" errors="0" failures="0" skipped="0" tests="9" time="4.975" timestamp="2026-08-12T01:19:17.147950+00:00" hostname="agent-env-2c129834-1a56-4862-a82d-98d4820c6c4b"><testcase classname="tests.test_iteration15_offer_email" name="test_send_offer_full_payload" time="1.765" /><testcase classname="tests.test_iteration15_offer_email" name="test_send_offer_minimal_payload" time="1.051" /><testcase classname="tests.test_iteration15_offer_email" name="test_send_offer_missing_to_email" time="0.147" /><testcase classname="tests.test_iteration15_offer_email" name="test_send_offer_invalid_email_format" time="0.152" /><testcase classname="tests.test_iteration15_offer_email" name="test_send_offer_creates_history_entry" time="1.209" /><testcase classname="tests.test_iteration15_offer_email" name="test_send_offer_requires_auth" time="0.135" /><testcase classname="tests.test_iteration15_offer_email" name="test_regression_events_endpoint" time="0.138" /><testcase classname="tests.test_iteration15_offer_email" name="test_regression_staff_endpoint" time="0.206" /><testcase classname="tests.test_iteration15_offer_email" name="test_regression_history_endpoint" time="0.112" /></testsuite></testsuites>