<?xml version="1.0" encoding="utf-8"?><testsuites name="pytest tests"><testsuite name="pytest" errors="0" failures="0" skipped="0" tests="88" time="24.614" timestamp="2026-08-08T00:03:56.501063+00:00" hostname="agent-env-2c129834-1a56-4862-a82d-98d4820c6c4b"><testcase classname="tests.backend_test.TestAuth" name="test_register_duplicate" time="0.389" /><testcase classname="tests.backend_test.TestAuth" name="test_register_short_password" time="0.046" /><testcase classname="tests.backend_test.TestAuth" name="test_login_success" time="0.290" /><testcase classname="tests.backend_test.TestAuth" name="test_login_wrong_password" time="0.266" /><testcase classname="tests.backend_test.TestAuth" name="test_me_requires_auth" time="0.045" /><testcase classname="tests.backend_test.TestAuth" name="test_me_returns_user" time="0.156" /><testcase classname="tests.backend_test.TestStaff" name="test_staff_crud" time="0.256" /><testcase classname="tests.backend_test.TestStaff" name="test_staff_auth_required" time="0.053" /><testcase classname="tests.backend_test.TestEvents" name="test_create_event_computes_profit" time="0.295" /><testcase classname="tests.backend_test.TestEvents" name="test_list_events_filter_by_month" time="0.114" /><testcase classname="tests.backend_test.TestEvents" name="test_update_event_recomputes" time="0.045" /><testcase classname="tests.backend_test.TestEvents" name="test_delete_event" time="0.144" /><testcase classname="tests.backend_test.TestStats" name="test_stats_month" time="0.043" /><testcase classname="tests.backend_test.TestExport" name="test_csv_export" time="0.186" /><testcase classname="tests.test_iteration10.TestWorkspace" name="test_workspace_default_own" time="0.768" /><testcase classname="tests.test_iteration10.TestWorkspace" name="test_join_own_code_rejected" time="0.095" /><testcase classname="tests.test_iteration10.TestWorkspace" name="test_join_invalid_code" time="0.095" /><testcase classname="tests.test_iteration10.TestWorkspace" name="test_full_share_flow" time="1.187" /><testcase classname="tests.test_iteration10.TestEventFields" name="test_package_set_and_revenue_net_roundtrip" time="0.290" /><testcase classname="tests.test_iteration10.TestRegression" name="test_login_existing_user" time="0.315" /><testcase classname="tests.test_iteration10.TestRegression" name="test_seeded_events_still_visible" time="0.445" /><testcase classname="tests.test_iteration10.TestRegression" name="test_staff_scoped" time="0.834" /><testcase classname="tests.test_iteration2.TestTemplates" name="test_templates_requires_auth" time="0.369" /><testcase classname="tests.test_iteration2.TestTemplates" name="test_templates_empty" time="0.043" /><testcase classname="tests.test_iteration2.TestTemplates" name="test_create_and_list_template" time="0.083" /><testcase classname="tests.test_iteration2.TestTemplates" name="test_delete_template" time="0.087" /><testcase classname="tests.test_iteration2.TestEventImage" name="test_event_accepts_image_url" time="0.087" /><testcase classname="tests.test_iteration2.TestBackup" name="test_export_backup_shape" time="0.137" /><testcase classname="tests.test_iteration2.TestBackup" name="test_import_merge_upserts" time="0.141" /><testcase classname="tests.test_iteration2.TestBackup" name="test_import_replace_wipes_and_reinserts" time="0.135" /><testcase classname="tests.test_iteration2.TestICal" name="test_ics_valid" time="0.042" /><testcase classname="tests.test_iteration3.TestStaffWages" name="test_wages_requires_auth" time="0.586" /><testcase classname="tests.test_iteration3.TestStaffWages" name="test_wages_month_shape_and_math" time="0.044" /><testcase classname="tests.test_iteration3.TestStaffWages" name="test_wages_all_time" time="0.047" /><testcase classname="tests.test_iteration3.TestStaffWages" name="test_wages_empty_month" time="0.055" /><testcase classname="tests.test_iteration3.TestSchedule" name="test_schedule_requires_auth" time="0.043" /><testcase classname="tests.test_iteration3.TestSchedule" name="test_schedule_month_grouping" time="0.045" /><testcase classname="tests.test_iteration3.TestCategory" name="test_event_category_roundtrip" time="0.149" /><testcase classname="tests.test_iteration3.TestCategory" name="test_event_no_category" time="0.051" /><testcase classname="tests.test_iteration3.TestCategory" name="test_template_category_roundtrip" time="0.098" /><testcase classname="tests.test_iteration4.TestIcsImport" name="test_requires_auth" time="0.386" /><testcase classname="tests.test_iteration4.TestIcsImport" name="test_import_basic_two_events_one_old" time="0.100" /><testcase classname="tests.test_iteration4.TestIcsImport" name="test_uid_dedupe" time="0.162" /><testcase classname="tests.test_iteration4.TestIcsImport" name="test_invalid_content_does_not_crash" time="0.049" /><testcase classname="tests.test_iteration4.TestIcsImport" name="test_empty_body_does_not_crash" time="0.051" /><testcase classname="tests.test_iteration4.TestIcsImport" name="test_years_back_respected" time="0.070" /><testcase classname="tests.test_iteration4.TestIcsExportProdId" name="test_export_ics_prodid_renamed" time="0.053" /><testcase classname="tests.test_iteration4.TestRegressionCore" name="test_login_seed_user" time="0.284" /><testcase classname="tests.test_iteration4.TestRegressionCore" name="test_stats_and_wages_and_schedule" time="0.173" /><testcase classname="tests.test_iteration4.TestRegressionCore" name="test_events_crud_smoke" time="0.271" /><testcase classname="tests.test_iteration5.TestDeleteAccount" name="test_delete_without_token_returns_401" time="0.122" /><testcase classname="tests.test_iteration5.TestDeleteAccount" name="test_delete_with_invalid_token_returns_401" time="0.113" /><testcase classname="tests.test_iteration5.TestDeleteAccount" name="test_delete_wipes_user_events_staff_templates" time="0.787" /><testcase classname="tests.test_iteration5.TestDeleteAccount" name="test_delete_isolation_other_user_unaffected" time="0.983" /><testcase classname="tests.test_iteration5.TestSeededUserRegression" name="test_seeded_login_and_me" time="0.373" /><testcase classname="tests.test_iteration5.TestSeededUserRegression" name="test_seeded_user_core_endpoints" time="0.653" /><testcase classname="tests.test_iteration5.TestJwtSecretEnv" name="test_jwt_secret_in_env_file" time="0.000" /><testcase classname="tests.test_iteration5.TestJwtSecretEnv" name="test_backend_up_and_root" time="0.094" /><testcase classname="tests.test_iteration6.TestSeededFinancials" name="test_events_endpoint_returns_labor_cost_for_seeded_wesele" time="0.365" /><testcase classname="tests.test_iteration6.TestSeededFinancials" name="test_stats_matches_events_aggregate" time="0.411" /><testcase classname="tests.test_iteration6.TestSeededFinancials" name="test_export_events_csv_matches_events" time="0.416" /><testcase classname="tests.test_iteration6.TestSeededFinancials" name="test_staff_wages_matches_events_labor" time="0.416" /><testcase classname="tests.test_iteration6.TestSeededFinancials" name="test_schedule_endpoint_ok" time="0.364" /><testcase classname="tests.test_iteration6.TestMultiShiftLaborCost" name="test_event_with_three_shifts_different_staff" time="0.806" /><testcase classname="tests.test_iteration6.TestMultiShiftLaborCost" name="test_event_with_nonexistent_staff_id_labor_zero" time="0.698" /><testcase classname="tests.test_iteration6.TestMultiShiftLaborCost" name="test_event_with_no_shifts_labor_zero" time="0.442" /><testcase classname="tests.test_iteration6.TestAuthRegression" name="test_register_login_delete" time="0.999" /><testcase classname="tests.test_iteration6.TestFrontendEnv" name="test_metro_cache_root_is_quoted" time="0.000" /><testcase classname="tests.test_iteration7.TestYearlyStats" name="test_year_only_returns_full_year_aggregate" time="0.371" /><testcase classname="tests.test_iteration7.TestYearlyStats" name="test_year_events_match_sum" time="0.050" /><testcase classname="tests.test_iteration7.TestYearlyStats" name="test_year_with_no_events_returns_zeros" time="0.058" /><testcase classname="tests.test_iteration7.TestMonthlyStatsRegression" name="test_may_2026_only" time="0.051" /><testcase classname="tests.test_iteration7.TestMonthlyStatsRegression" name="test_june_2026_only" time="0.060" /><testcase classname="tests.test_iteration7.TestMonthlyStatsRegression" name="test_may_plus_june_equals_year" time="0.152" /><testcase classname="tests.test_iteration7.TestSideEndpointsRegression" name="test_wages_may_2026" time="0.053" /><testcase classname="tests.test_iteration7.TestSideEndpointsRegression" name="test_csv_export_may_2026" time="0.051" /><testcase classname="tests.test_iteration7.TestSideEndpointsRegression" name="test_ics_export_ok" time="0.048" /><testcase classname="tests.test_iteration7.TestYearAggregationOnFreshAccount" name="test_multi_year_isolation" time="0.700" /><testcase classname="tests.test_iteration9.TestEventNewFields" name="test_create_event_with_time_start_end_and_people" time="0.470" /><testcase classname="tests.test_iteration9.TestEventNewFields" name="test_staff_shift_with_time_fields" time="0.415" /><testcase classname="tests.test_iteration9.TestEventNewFields" name="test_shift_time_fields_optional" time="0.412" /><testcase classname="tests.test_iteration9.TestExpensesCRUD" name="test_requires_auth" time="0.045" /><testcase classname="tests.test_iteration9.TestExpensesCRUD" name="test_create_list_update_delete" time="0.759" /><testcase classname="tests.test_iteration9.TestExpensesCRUD" name="test_update_nonexistent_returns_404" time="0.360" /><testcase classname="tests.test_iteration9.TestExpensesCRUD" name="test_owner_scoped" time="0.721" /><testcase classname="tests.test_iteration9.TestStatsWithExpenses" name="test_monthly_stats_includes_company_expenses_and_reduces_profit" time="0.518" /><testcase classname="tests.test_iteration9.TestStatsWithExpenses" name="test_yearly_stats_aggregates_expenses" time="0.657" /><testcase classname="tests.test_iteration9.TestStatsWithExpenses" name="test_seed_account_yearly_stats_still_pass_without_expenses" time="0.311" /></testsuite></testsuites>