<?xml version="1.0" encoding="utf-8"?><testsuites name="pytest tests"><testsuite name="pytest" errors="0" failures="0" skipped="0" tests="15" time="7.172" timestamp="2026-08-30T16:38:32.894359+00:00" hostname="agent-env-2c129834-1a56-4862-a82d-98d4820c6c4b"><testcase classname="tests.test_iteration17_pre_event_email.TestPreEventEmailRegression" name="test_mapping_and_single_regulation_pdf[dorosli/okolicznosciowe-adults-Regulamin_Biesiada_pod_Lasem_DOROSLI.pdf]" time="0.866" /><testcase classname="tests.test_iteration17_pre_event_email.TestPreEventEmailRegression" name="test_mapping_and_single_regulation_pdf[dorosli/firmowe-adults-Regulamin_Biesiada_pod_Lasem_DOROSLI.pdf]" time="0.314" /><testcase classname="tests.test_iteration17_pre_event_email.TestPreEventEmailRegression" name="test_mapping_and_single_regulation_pdf[dzieci/urodzinki/standard-children-Regulamin_Biesiada_pod_Lasem_DZIECI.pdf]" time="0.299" /><testcase classname="tests.test_iteration17_pre_event_email.TestPreEventEmailRegression" name="test_mapping_and_single_regulation_pdf[warsztaty/przyrodnicze-children-Regulamin_Biesiada_pod_Lasem_DZIECI.pdf]" time="0.284" /><testcase classname="tests.test_iteration17_pre_event_email.TestPreEventEmailRegression" name="test_mapping_and_single_regulation_pdf[dzieci/wycieczki-children-Regulamin_Biesiada_pod_Lasem_DZIECI.pdf]" time="0.284" /><testcase classname="tests.test_iteration17_pre_event_email.TestPreEventEmailRegression" name="test_non_confirmed_status_not_scheduled" time="0.209" /><testcase classname="tests.test_iteration17_pre_event_email.TestPreEventEmailRegression" name="test_48h_warsaw_schedule_for_confirmed" time="0.784" /><testcase classname="tests.test_iteration17_pre_event_email.TestPreEventEmailRegression" name="test_late_confirmation_schedules_immediately" time="0.217" /><testcase classname="tests.test_iteration17_pre_event_email.TestPreEventEmailRegression" name="test_date_time_change_reschedules" time="0.786" /><testcase classname="tests.test_iteration17_pre_event_email.TestPreEventEmailRegression" name="test_status_change_cancels_schedule" time="0.451" /><testcase classname="tests.test_iteration17_pre_event_email.TestPreEventEmailRegression" name="test_missing_email_sets_no_email_failure" time="0.188" /><testcase classname="tests.test_iteration17_pre_event_email.TestPreEventEmailRegression" name="test_missing_email_creates_owner_admin_alert_notice" time="1.360" /><testcase classname="tests.test_iteration17_pre_event_email.TestPreEventEmailRegression" name="test_ordinary_edit_does_not_reschedule" time="0.346" /><testcase classname="tests.test_iteration17_pre_event_email.TestPreEventEmailRegression" name="test_sent_event_not_auto_rescheduled" time="0.200" /><testcase classname="tests.test_iteration17_pre_event_email.TestPreEventEmailRegression" name="test_status_call_persists_fields_on_event" time="0.275" /></testsuite></testsuites>