<?xml version="1.0" encoding="utf-8"?><testsuites name="pytest tests"><testsuite name="pytest" errors="0" failures="0" skipped="0" tests="10" time="1.624" timestamp="2026-08-07T21:35:10.901044+00:00" hostname="agent-env-2c129834-1a56-4862-a82d-98d4820c6c4b"><testcase classname="tests.test_iteration4.TestIcsImport" name="test_requires_auth" time="0.505" /><testcase classname="tests.test_iteration4.TestIcsImport" name="test_import_basic_two_events_one_old" time="0.091" /><testcase classname="tests.test_iteration4.TestIcsImport" name="test_uid_dedupe" time="0.133" /><testcase classname="tests.test_iteration4.TestIcsImport" name="test_invalid_content_does_not_crash" time="0.044" /><testcase classname="tests.test_iteration4.TestIcsImport" name="test_empty_body_does_not_crash" time="0.048" /><testcase classname="tests.test_iteration4.TestIcsImport" name="test_years_back_respected" time="0.046" /><testcase classname="tests.test_iteration4.TestIcsExportProdId" name="test_export_ics_prodid_renamed" time="0.050" /><testcase classname="tests.test_iteration4.TestRegressionCore" name="test_login_seed_user" time="0.264" /><testcase classname="tests.test_iteration4.TestRegressionCore" name="test_stats_and_wages_and_schedule" time="0.140" /><testcase classname="tests.test_iteration4.TestRegressionCore" name="test_events_crud_smoke" time="0.231" /></testsuite></testsuites>