<?xml version="1.0" encoding="utf-8"?><testsuites name="pytest tests"><testsuite name="pytest" errors="0" failures="0" skipped="0" tests="80" time="21.301" timestamp="2026-08-07T23:49:10.569868+00:00" hostname="agent-env-2c129834-1a56-4862-a82d-98d4820c6c4b"><testcase classname="tests.backend_test.TestAuth" name="test_register_duplicate" time="0.401" /><testcase classname="tests.backend_test.TestAuth" name="test_register_short_password" time="0.046" /><testcase classname="tests.backend_test.TestAuth" name="test_login_success" time="0.271" /><testcase classname="tests.backend_test.TestAuth" name="test_login_wrong_password" time="0.284" /><testcase classname="tests.backend_test.TestAuth" name="test_me_requires_auth" time="0.046" /><testcase classname="tests.backend_test.TestAuth" name="test_me_returns_user" time="0.047" /><testcase classname="tests.backend_test.TestStaff" name="test_staff_crud" time="0.266" /><testcase classname="tests.backend_test.TestStaff" name="test_staff_auth_required" time="0.042" /><testcase classname="tests.backend_test.TestEvents" name="test_create_event_computes_profit" time="0.309" /><testcase classname="tests.backend_test.TestEvents" name="test_list_events_filter_by_month" time="0.109" /><testcase classname="tests.backend_test.TestEvents" name="test_update_event_recomputes" time="0.052" /><testcase classname="tests.backend_test.TestEvents" name="test_delete_event" time="0.183" /><testcase classname="tests.backend_test.TestStats" name="test_stats_month" time="0.057" /><testcase classname="tests.backend_test.TestExport" name="test_csv_export" time="0.217" /><testcase classname="tests.test_iteration2.TestTemplates" name="test_templates_requires_auth" time="0.447" /><testcase classname="tests.test_iteration2.TestTemplates" name="test_templates_empty" time="0.058" /><testcase classname="tests.test_iteration2.TestTemplates" name="test_create_and_list_template" time="0.110" /><testcase classname="tests.test_iteration2.TestTemplates" name="test_delete_template" time="0.126" /><testcase classname="tests.test_iteration2.TestEventImage" name="test_event_accepts_image_url" time="0.137" /><testcase classname="tests.test_iteration2.TestBackup" name="test_export_backup_shape" time="0.182" /><testcase classname="tests.test_iteration2.TestBackup" name="test_import_merge_upserts" time="0.183" /><testcase classname="tests.test_iteration2.TestBackup" name="test_import_replace_wipes_and_reinserts" time="0.170" /><testcase classname="tests.test_iteration2.TestICal" name="test_ics_valid" time="0.054" /><testcase classname="tests.test_iteration3.TestStaffWages" name="test_wages_requires_auth" time="0.660" /><testcase classname="tests.test_iteration3.TestStaffWages" name="test_wages_month_shape_and_math" time="0.043" /><testcase classname="tests.test_iteration3.TestStaffWages" name="test_wages_all_time" time="0.044" /><testcase classname="tests.test_iteration3.TestStaffWages" name="test_wages_empty_month" time="0.047" /><testcase classname="tests.test_iteration3.TestSchedule" name="test_schedule_requires_auth" time="0.042" /><testcase classname="tests.test_iteration3.TestSchedule" name="test_schedule_month_grouping" time="0.045" /><testcase classname="tests.test_iteration3.TestCategory" name="test_event_category_roundtrip" time="0.135" /><testcase classname="tests.test_iteration3.TestCategory" name="test_event_no_category" time="0.043" /><testcase classname="tests.test_iteration3.TestCategory" name="test_template_category_roundtrip" time="0.088" /><testcase classname="tests.test_iteration4.TestIcsImport" name="test_requires_auth" time="0.631" /><testcase classname="tests.test_iteration4.TestIcsImport" name="test_import_basic_two_events_one_old" time="0.097" /><testcase classname="tests.test_iteration4.TestIcsImport" name="test_uid_dedupe" time="0.136" /><testcase classname="tests.test_iteration4.TestIcsImport" name="test_invalid_content_does_not_crash" time="0.043" /><testcase classname="tests.test_iteration4.TestIcsImport" name="test_empty_body_does_not_crash" time="0.047" /><testcase classname="tests.test_iteration4.TestIcsImport" name="test_years_back_respected" time="0.047" /><testcase classname="tests.test_iteration4.TestIcsExportProdId" name="test_export_ics_prodid_renamed" time="0.047" /><testcase classname="tests.test_iteration4.TestRegressionCore" name="test_login_seed_user" time="0.268" /><testcase classname="tests.test_iteration4.TestRegressionCore" name="test_stats_and_wages_and_schedule" time="0.138" /><testcase classname="tests.test_iteration4.TestRegressionCore" name="test_events_crud_smoke" time="0.222" /><testcase classname="tests.test_iteration5.TestDeleteAccount" name="test_delete_without_token_returns_401" time="0.161" /><testcase classname="tests.test_iteration5.TestDeleteAccount" name="test_delete_with_invalid_token_returns_401" time="0.122" /><testcase classname="tests.test_iteration5.TestDeleteAccount" name="test_delete_wipes_user_events_staff_templates" time="0.875" /><testcase classname="tests.test_iteration5.TestDeleteAccount" name="test_delete_isolation_other_user_unaffected" time="0.952" /><testcase classname="tests.test_iteration5.TestSeededUserRegression" name="test_seeded_login_and_me" time="0.356" /><testcase classname="tests.test_iteration5.TestSeededUserRegression" name="test_seeded_user_core_endpoints" time="0.670" /><testcase classname="tests.test_iteration5.TestJwtSecretEnv" name="test_jwt_secret_in_env_file" time="0.000" /><testcase classname="tests.test_iteration5.TestJwtSecretEnv" name="test_backend_up_and_root" time="0.128" /><testcase classname="tests.test_iteration6.TestSeededFinancials" name="test_events_endpoint_returns_labor_cost_for_seeded_wesele" time="0.368" /><testcase classname="tests.test_iteration6.TestSeededFinancials" name="test_stats_matches_events_aggregate" time="0.471" /><testcase classname="tests.test_iteration6.TestSeededFinancials" name="test_export_events_csv_matches_events" time="0.449" /><testcase classname="tests.test_iteration6.TestSeededFinancials" name="test_staff_wages_matches_events_labor" time="0.402" /><testcase classname="tests.test_iteration6.TestSeededFinancials" name="test_schedule_endpoint_ok" time="0.365" /><testcase classname="tests.test_iteration6.TestMultiShiftLaborCost" name="test_event_with_three_shifts_different_staff" time="0.761" /><testcase classname="tests.test_iteration6.TestMultiShiftLaborCost" name="test_event_with_nonexistent_staff_id_labor_zero" time="0.635" /><testcase classname="tests.test_iteration6.TestMultiShiftLaborCost" name="test_event_with_no_shifts_labor_zero" time="0.403" /><testcase classname="tests.test_iteration6.TestAuthRegression" name="test_register_login_delete" time="1.132" /><testcase classname="tests.test_iteration6.TestFrontendEnv" name="test_metro_cache_root_is_quoted" time="0.000" /><testcase classname="tests.test_iteration7.TestYearlyStats" name="test_year_only_returns_full_year_aggregate" time="0.380" /><testcase classname="tests.test_iteration7.TestYearlyStats" name="test_year_events_match_sum" time="0.052" /><testcase classname="tests.test_iteration7.TestYearlyStats" name="test_year_with_no_events_returns_zeros" time="0.052" /><testcase classname="tests.test_iteration7.TestMonthlyStatsRegression" name="test_may_2026_only" time="0.052" /><testcase classname="tests.test_iteration7.TestMonthlyStatsRegression" name="test_june_2026_only" time="0.052" /><testcase classname="tests.test_iteration7.TestMonthlyStatsRegression" name="test_may_plus_june_equals_year" time="0.151" /><testcase classname="tests.test_iteration7.TestSideEndpointsRegression" name="test_wages_may_2026" time="0.057" /><testcase classname="tests.test_iteration7.TestSideEndpointsRegression" name="test_csv_export_may_2026" time="0.053" /><testcase classname="tests.test_iteration7.TestSideEndpointsRegression" name="test_ics_export_ok" time="0.055" /><testcase classname="tests.test_iteration7.TestYearAggregationOnFreshAccount" name="test_multi_year_isolation" time="0.618" /><testcase classname="tests.test_iteration9.TestEventNewFields" name="test_create_event_with_time_start_end_and_people" time="0.477" /><testcase classname="tests.test_iteration9.TestEventNewFields" name="test_staff_shift_with_time_fields" time="0.408" /><testcase classname="tests.test_iteration9.TestEventNewFields" name="test_shift_time_fields_optional" time="0.417" /><testcase classname="tests.test_iteration9.TestExpensesCRUD" name="test_requires_auth" time="0.048" /><testcase classname="tests.test_iteration9.TestExpensesCRUD" name="test_create_list_update_delete" time="0.757" /><testcase classname="tests.test_iteration9.TestExpensesCRUD" name="test_update_nonexistent_returns_404" time="0.374" /><testcase classname="tests.test_iteration9.TestExpensesCRUD" name="test_owner_scoped" time="0.761" /><testcase classname="tests.test_iteration9.TestStatsWithExpenses" name="test_monthly_stats_includes_company_expenses_and_reduces_profit" time="0.545" /><testcase classname="tests.test_iteration9.TestStatsWithExpenses" name="test_yearly_stats_aggregates_expenses" time="0.694" /><testcase classname="tests.test_iteration9.TestStatsWithExpenses" name="test_seed_account_yearly_stats_still_pass_without_expenses" time="0.322" /></testsuite></testsuites>