<?xml version="1.0" encoding="utf-8"?><testsuites name="pytest tests"><testsuite name="pytest" errors="0" failures="0" skipped="0" tests="60" time="14.461" timestamp="2026-08-07T22:12:20.690872+00:00" hostname="agent-env-2c129834-1a56-4862-a82d-98d4820c6c4b"><testcase classname="tests.backend_test.TestAuth" name="test_register_duplicate" time="0.386" /><testcase classname="tests.backend_test.TestAuth" name="test_register_short_password" time="0.043" /><testcase classname="tests.backend_test.TestAuth" name="test_login_success" time="0.271" /><testcase classname="tests.backend_test.TestAuth" name="test_login_wrong_password" time="0.265" /><testcase classname="tests.backend_test.TestAuth" name="test_me_requires_auth" time="0.040" /><testcase classname="tests.backend_test.TestAuth" name="test_me_returns_user" time="0.044" /><testcase classname="tests.backend_test.TestStaff" name="test_staff_crud" time="0.263" /><testcase classname="tests.backend_test.TestStaff" name="test_staff_auth_required" time="0.040" /><testcase classname="tests.backend_test.TestEvents" name="test_create_event_computes_profit" time="0.251" /><testcase classname="tests.backend_test.TestEvents" name="test_list_events_filter_by_month" time="0.086" /><testcase classname="tests.backend_test.TestEvents" name="test_update_event_recomputes" time="0.104" /><testcase classname="tests.backend_test.TestEvents" name="test_delete_event" time="0.125" /><testcase classname="tests.backend_test.TestStats" name="test_stats_month" time="0.045" /><testcase classname="tests.backend_test.TestExport" name="test_csv_export" time="0.174" /><testcase classname="tests.test_iteration2.TestTemplates" name="test_templates_requires_auth" time="0.378" /><testcase classname="tests.test_iteration2.TestTemplates" name="test_templates_empty" time="0.045" /><testcase classname="tests.test_iteration2.TestTemplates" name="test_create_and_list_template" time="0.092" /><testcase classname="tests.test_iteration2.TestTemplates" name="test_delete_template" time="0.156" /><testcase classname="tests.test_iteration2.TestEventImage" name="test_event_accepts_image_url" time="0.098" /><testcase classname="tests.test_iteration2.TestBackup" name="test_export_backup_shape" time="0.151" /><testcase classname="tests.test_iteration2.TestBackup" name="test_import_merge_upserts" time="0.131" /><testcase classname="tests.test_iteration2.TestBackup" name="test_import_replace_wipes_and_reinserts" time="0.137" /><testcase classname="tests.test_iteration2.TestICal" name="test_ics_valid" time="0.043" /><testcase classname="tests.test_iteration3.TestStaffWages" name="test_wages_requires_auth" time="0.648" /><testcase classname="tests.test_iteration3.TestStaffWages" name="test_wages_month_shape_and_math" time="0.048" /><testcase classname="tests.test_iteration3.TestStaffWages" name="test_wages_all_time" time="0.044" /><testcase classname="tests.test_iteration3.TestStaffWages" name="test_wages_empty_month" time="0.046" /><testcase classname="tests.test_iteration3.TestSchedule" name="test_schedule_requires_auth" time="0.040" /><testcase classname="tests.test_iteration3.TestSchedule" name="test_schedule_month_grouping" time="0.045" /><testcase classname="tests.test_iteration3.TestCategory" name="test_event_category_roundtrip" time="0.140" /><testcase classname="tests.test_iteration3.TestCategory" name="test_event_no_category" time="0.043" /><testcase classname="tests.test_iteration3.TestCategory" name="test_template_category_roundtrip" time="0.117" /><testcase classname="tests.test_iteration4.TestIcsImport" name="test_requires_auth" time="0.374" /><testcase classname="tests.test_iteration4.TestIcsImport" name="test_import_basic_two_events_one_old" time="0.128" /><testcase classname="tests.test_iteration4.TestIcsImport" name="test_uid_dedupe" time="0.128" /><testcase classname="tests.test_iteration4.TestIcsImport" name="test_invalid_content_does_not_crash" time="0.042" /><testcase classname="tests.test_iteration4.TestIcsImport" name="test_empty_body_does_not_crash" time="0.083" /><testcase classname="tests.test_iteration4.TestIcsImport" name="test_years_back_respected" time="0.045" /><testcase classname="tests.test_iteration4.TestIcsExportProdId" name="test_export_ics_prodid_renamed" time="0.044" /><testcase classname="tests.test_iteration4.TestRegressionCore" name="test_login_seed_user" time="0.265" /><testcase classname="tests.test_iteration4.TestRegressionCore" name="test_stats_and_wages_and_schedule" time="0.132" /><testcase classname="tests.test_iteration4.TestRegressionCore" name="test_events_crud_smoke" time="0.289" /><testcase classname="tests.test_iteration5.TestDeleteAccount" name="test_delete_without_token_returns_401" time="0.127" /><testcase classname="tests.test_iteration5.TestDeleteAccount" name="test_delete_with_invalid_token_returns_401" time="0.089" /><testcase classname="tests.test_iteration5.TestDeleteAccount" name="test_delete_wipes_user_events_staff_templates" time="0.818" /><testcase classname="tests.test_iteration5.TestDeleteAccount" name="test_delete_isolation_other_user_unaffected" time="0.993" /><testcase classname="tests.test_iteration5.TestSeededUserRegression" name="test_seeded_login_and_me" time="0.361" /><testcase classname="tests.test_iteration5.TestSeededUserRegression" name="test_seeded_user_core_endpoints" time="0.732" /><testcase classname="tests.test_iteration5.TestJwtSecretEnv" name="test_jwt_secret_in_env_file" time="0.000" /><testcase classname="tests.test_iteration5.TestJwtSecretEnv" name="test_backend_up_and_root" time="0.099" /><testcase classname="tests.test_iteration6.TestSeededFinancials" name="test_events_endpoint_returns_labor_cost_for_seeded_wesele" time="0.394" /><testcase classname="tests.test_iteration6.TestSeededFinancials" name="test_stats_matches_events_aggregate" time="0.454" /><testcase classname="tests.test_iteration6.TestSeededFinancials" name="test_export_events_csv_matches_events" time="0.457" /><testcase classname="tests.test_iteration6.TestSeededFinancials" name="test_staff_wages_matches_events_labor" time="0.404" /><testcase classname="tests.test_iteration6.TestSeededFinancials" name="test_schedule_endpoint_ok" time="0.361" /><testcase classname="tests.test_iteration6.TestMultiShiftLaborCost" name="test_event_with_three_shifts_different_staff" time="0.896" /><testcase classname="tests.test_iteration6.TestMultiShiftLaborCost" name="test_event_with_nonexistent_staff_id_labor_zero" time="0.682" /><testcase classname="tests.test_iteration6.TestMultiShiftLaborCost" name="test_event_with_no_shifts_labor_zero" time="0.409" /><testcase classname="tests.test_iteration6.TestAuthRegression" name="test_register_login_delete" time="1.014" /><testcase classname="tests.test_iteration6.TestFrontendEnv" name="test_metro_cache_root_is_quoted" time="0.001" /></testsuite></testsuites>