<?xml version="1.0" encoding="utf-8"?><testsuites name="pytest tests"><testsuite name="pytest" errors="0" failures="0" skipped="0" tests="94" time="29.011" timestamp="2026-08-12T00:20:28.552164+00:00" hostname="agent-env-2c129834-1a56-4862-a82d-98d4820c6c4b"><testcase classname="tests.backend_test.TestAuth" name="test_register_duplicate" time="0.480" /><testcase classname="tests.backend_test.TestAuth" name="test_register_short_password" time="0.046" /><testcase classname="tests.backend_test.TestAuth" name="test_login_success" time="0.269" /><testcase classname="tests.backend_test.TestAuth" name="test_login_wrong_password" time="0.269" /><testcase classname="tests.backend_test.TestAuth" name="test_me_requires_auth" time="0.043" /><testcase classname="tests.backend_test.TestAuth" name="test_me_returns_user" time="0.042" /><testcase classname="tests.backend_test.TestStaff" name="test_staff_crud" time="0.237" /><testcase classname="tests.backend_test.TestStaff" name="test_staff_auth_required" time="0.046" /><testcase classname="tests.backend_test.TestEvents" name="test_create_event_computes_profit" time="0.269" /><testcase classname="tests.backend_test.TestEvents" name="test_list_events_filter_by_month" time="0.092" /><testcase classname="tests.backend_test.TestEvents" name="test_update_event_recomputes" time="0.044" /><testcase classname="tests.backend_test.TestEvents" name="test_delete_event" time="0.136" /><testcase classname="tests.backend_test.TestStats" name="test_stats_month" time="0.052" /><testcase classname="tests.backend_test.TestExport" name="test_csv_export" time="0.264" /><testcase classname="tests.test_iteration10.TestWorkspace" name="test_workspace_default_own" time="0.815" /><testcase classname="tests.test_iteration10.TestWorkspace" name="test_join_own_code_rejected" time="0.097" /><testcase classname="tests.test_iteration10.TestWorkspace" name="test_join_invalid_code" time="0.133" /><testcase classname="tests.test_iteration10.TestWorkspace" name="test_full_share_flow" time="1.381" /><testcase classname="tests.test_iteration10.TestEventFields" name="test_package_set_and_revenue_net_roundtrip" time="0.446" /><testcase classname="tests.test_iteration10.TestRegression" name="test_login_existing_user" time="0.379" /><testcase classname="tests.test_iteration10.TestRegression" name="test_seeded_events_still_visible" time="0.423" /><testcase classname="tests.test_iteration10.TestRegression" name="test_staff_scoped" time="0.870" /><testcase classname="tests.test_iteration11.TestWhatsAppExpenses" name="test_import_expenses_basic" time="0.551" /><testcase classname="tests.test_iteration11.TestWhatsAppExpenses" name="test_invalid_kind_rejected" time="0.140" /><testcase classname="tests.test_iteration11.TestWhatsAppRevenue" name="test_revenue_matches_existing_and_creates_new" time="0.738" /><testcase classname="tests.test_iteration11.TestWhatsAppSkipping" name="test_all_system_and_malformed_lines_skipped" time="0.101" /><testcase classname="tests.test_iteration11.TestRegression" name="test_workspace_default" time="0.544" /><testcase classname="tests.test_iteration11.TestRegression" name="test_login_seeded" time="0.419" /><testcase classname="tests.test_iteration2.TestTemplates" name="test_templates_requires_auth" time="0.376" /><testcase classname="tests.test_iteration2.TestTemplates" name="test_templates_empty" time="0.050" /><testcase classname="tests.test_iteration2.TestTemplates" name="test_create_and_list_template" time="0.093" /><testcase classname="tests.test_iteration2.TestTemplates" name="test_delete_template" time="0.091" /><testcase classname="tests.test_iteration2.TestEventImage" name="test_event_accepts_image_url" time="0.095" /><testcase classname="tests.test_iteration2.TestBackup" name="test_export_backup_shape" time="0.229" /><testcase classname="tests.test_iteration2.TestBackup" name="test_import_merge_upserts" time="0.151" /><testcase classname="tests.test_iteration2.TestBackup" name="test_import_replace_wipes_and_reinserts" time="0.227" /><testcase classname="tests.test_iteration2.TestICal" name="test_ics_valid" time="0.045" /><testcase classname="tests.test_iteration3.TestStaffWages" name="test_wages_requires_auth" time="0.633" /><testcase classname="tests.test_iteration3.TestStaffWages" name="test_wages_month_shape_and_math" time="0.568" /><testcase classname="tests.test_iteration3.TestStaffWages" name="test_wages_all_time" time="0.054" /><testcase classname="tests.test_iteration3.TestStaffWages" name="test_wages_empty_month" time="0.159" /><testcase classname="tests.test_iteration3.TestSchedule" name="test_schedule_requires_auth" time="0.044" /><testcase classname="tests.test_iteration3.TestSchedule" name="test_schedule_month_grouping" time="0.044" /><testcase classname="tests.test_iteration3.TestCategory" name="test_event_category_roundtrip" time="0.147" /><testcase classname="tests.test_iteration3.TestCategory" name="test_event_no_category" time="0.051" /><testcase classname="tests.test_iteration3.TestCategory" name="test_template_category_roundtrip" time="0.095" /><testcase classname="tests.test_iteration4.TestIcsImport" name="test_requires_auth" time="0.363" /><testcase classname="tests.test_iteration4.TestIcsImport" name="test_import_basic_two_events_one_old" time="0.096" /><testcase classname="tests.test_iteration4.TestIcsImport" name="test_uid_dedupe" time="0.138" /><testcase classname="tests.test_iteration4.TestIcsImport" name="test_invalid_content_does_not_crash" time="0.041" /><testcase classname="tests.test_iteration4.TestIcsImport" name="test_empty_body_does_not_crash" time="0.045" /><testcase classname="tests.test_iteration4.TestIcsImport" name="test_years_back_respected" time="0.043" /><testcase classname="tests.test_iteration4.TestIcsExportProdId" name="test_export_ics_prodid_renamed" time="0.046" /><testcase classname="tests.test_iteration4.TestRegressionCore" name="test_login_seed_user" time="0.265" /><testcase classname="tests.test_iteration4.TestRegressionCore" name="test_stats_and_wages_and_schedule" time="0.129" /><testcase classname="tests.test_iteration4.TestRegressionCore" name="test_events_crud_smoke" time="0.253" /><testcase classname="tests.test_iteration5.TestDeleteAccount" name="test_delete_without_token_returns_401" time="0.100" /><testcase classname="tests.test_iteration5.TestDeleteAccount" name="test_delete_with_invalid_token_returns_401" time="0.105" /><testcase classname="tests.test_iteration5.TestDeleteAccount" name="test_delete_wipes_user_events_staff_templates" time="0.929" /><testcase classname="tests.test_iteration5.TestDeleteAccount" name="test_delete_isolation_other_user_unaffected" time="1.034" /><testcase classname="tests.test_iteration5.TestSeededUserRegression" name="test_seeded_login_and_me" time="0.376" /><testcase classname="tests.test_iteration5.TestSeededUserRegression" name="test_seeded_user_core_endpoints" time="0.655" /><testcase classname="tests.test_iteration5.TestJwtSecretEnv" name="test_jwt_secret_in_env_file" time="0.000" /><testcase classname="tests.test_iteration5.TestJwtSecretEnv" name="test_backend_up_and_root" time="0.102" /><testcase classname="tests.test_iteration6.TestSeededFinancials" name="test_events_endpoint_returns_labor_cost_for_seeded_wesele" time="0.369" /><testcase classname="tests.test_iteration6.TestSeededFinancials" name="test_stats_matches_events_aggregate" time="0.418" /><testcase classname="tests.test_iteration6.TestSeededFinancials" name="test_export_events_csv_matches_events" time="0.427" /><testcase classname="tests.test_iteration6.TestSeededFinancials" name="test_staff_wages_matches_events_labor" time="0.450" /><testcase classname="tests.test_iteration6.TestSeededFinancials" name="test_schedule_endpoint_ok" time="0.361" /><testcase classname="tests.test_iteration6.TestMultiShiftLaborCost" name="test_event_with_three_shifts_different_staff" time="0.995" /><testcase classname="tests.test_iteration6.TestMultiShiftLaborCost" name="test_event_with_nonexistent_staff_id_labor_zero" time="0.743" /><testcase classname="tests.test_iteration6.TestMultiShiftLaborCost" name="test_event_with_no_shifts_labor_zero" time="0.445" /><testcase classname="tests.test_iteration6.TestAuthRegression" name="test_register_login_delete" time="1.040" /><testcase classname="tests.test_iteration6.TestFrontendEnv" name="test_metro_cache_root_is_quoted" time="0.000" /><testcase classname="tests.test_iteration7.TestYearlyStats" name="test_year_only_returns_full_year_aggregate" time="0.418" /><testcase classname="tests.test_iteration7.TestYearlyStats" name="test_year_events_match_sum" time="0.045" /><testcase classname="tests.test_iteration7.TestYearlyStats" name="test_year_with_no_events_returns_zeros" time="0.045" /><testcase classname="tests.test_iteration7.TestMonthlyStatsRegression" name="test_may_2026_only" time="0.045" /><testcase classname="tests.test_iteration7.TestMonthlyStatsRegression" name="test_june_2026_only" time="0.047" /><testcase classname="tests.test_iteration7.TestMonthlyStatsRegression" name="test_may_plus_june_equals_year" time="0.141" /><testcase classname="tests.test_iteration7.TestSideEndpointsRegression" name="test_wages_may_2026" time="0.045" /><testcase classname="tests.test_iteration7.TestSideEndpointsRegression" name="test_csv_export_may_2026" time="0.050" /><testcase classname="tests.test_iteration7.TestSideEndpointsRegression" name="test_ics_export_ok" time="0.043" /><testcase classname="tests.test_iteration7.TestYearAggregationOnFreshAccount" name="test_multi_year_isolation" time="0.601" /><testcase classname="tests.test_iteration9.TestEventNewFields" name="test_create_event_with_time_start_end_and_people" time="0.481" /><testcase classname="tests.test_iteration9.TestEventNewFields" name="test_staff_shift_with_time_fields" time="0.550" /><testcase classname="tests.test_iteration9.TestEventNewFields" name="test_shift_time_fields_optional" time="0.416" /><testcase classname="tests.test_iteration9.TestExpensesCRUD" name="test_requires_auth" time="0.051" /><testcase classname="tests.test_iteration9.TestExpensesCRUD" name="test_create_list_update_delete" time="0.735" /><testcase classname="tests.test_iteration9.TestExpensesCRUD" name="test_update_nonexistent_returns_404" time="0.383" /><testcase classname="tests.test_iteration9.TestExpensesCRUD" name="test_owner_scoped" time="0.760" /><testcase classname="tests.test_iteration9.TestStatsWithExpenses" name="test_monthly_stats_includes_company_expenses_and_reduces_profit" time="0.523" /><testcase classname="tests.test_iteration9.TestStatsWithExpenses" name="test_yearly_stats_aggregates_expenses" time="0.735" /><testcase classname="tests.test_iteration9.TestStatsWithExpenses" name="test_seed_account_yearly_stats_still_pass_without_expenses" time="0.317" /></testsuite></testsuites>