<?xml version="1.0" encoding="utf-8"?><testsuites name="pytest tests"><testsuite name="pytest" errors="0" failures="0" skipped="0" tests="9" time="1.341" timestamp="2026-08-07T21:23:59.432782+00:00" hostname="agent-env-2c129834-1a56-4862-a82d-98d4820c6c4b"><testcase classname="tests.test_iteration3.TestStaffWages" name="test_wages_requires_auth" time="0.773" /><testcase classname="tests.test_iteration3.TestStaffWages" name="test_wages_month_shape_and_math" time="0.044" /><testcase classname="tests.test_iteration3.TestStaffWages" name="test_wages_all_time" time="0.045" /><testcase classname="tests.test_iteration3.TestStaffWages" name="test_wages_empty_month" time="0.043" /><testcase classname="tests.test_iteration3.TestSchedule" name="test_schedule_requires_auth" time="0.043" /><testcase classname="tests.test_iteration3.TestSchedule" name="test_schedule_month_grouping" time="0.049" /><testcase classname="tests.test_iteration3.TestCategory" name="test_event_category_roundtrip" time="0.131" /><testcase classname="tests.test_iteration3.TestCategory" name="test_event_no_category" time="0.055" /><testcase classname="tests.test_iteration3.TestCategory" name="test_template_category_roundtrip" time="0.089" /></testsuite></testsuites>