<?xml version="1.0" encoding="utf-8"?><testsuites name="pytest tests"><testsuite name="pytest" errors="0" failures="0" skipped="0" tests="11" time="7.186" timestamp="2026-08-14T00:00:50.948062+00:00" hostname="agent-env-2c129834-1a56-4862-a82d-98d4820c6c4b"><testcase classname="tests.test_iteration16.TestWeather" name="test_weather_future_within_8_days" time="1.227" /><testcase classname="tests.test_iteration16.TestWeather" name="test_weather_past_date" time="0.055" /><testcase classname="tests.test_iteration16.TestWeather" name="test_weather_beyond_15_days" time="0.051" /><testcase classname="tests.test_iteration16.TestAlertsScanAndCrud" name="test_scan_creates_alert" time="1.340" /><testcase classname="tests.test_iteration16.TestAlertsScanAndCrud" name="test_dismiss_single_alert" time="1.133" /><testcase classname="tests.test_iteration16.TestAlertsScanAndCrud" name="test_dismiss_all_alerts" time="1.052" /><testcase classname="tests.test_iteration16.TestAlertsScanAndCrud" name="test_auto_dismiss_on_status_transition" time="1.384" /><testcase classname="tests.test_iteration16.TestCalendarFeed" name="test_feed_url_returns_token_and_path" time="0.052" /><testcase classname="tests.test_iteration16.TestCalendarFeed" name="test_public_feed_no_auth" time="0.222" /><testcase classname="tests.test_iteration16.TestCalendarFeed" name="test_rotate_invalidates_old_token" time="0.356" /><testcase classname="tests.test_iteration16.TestCalendarFeed" name="test_random_invalid_token_404" time="0.238" /></testsuite></testsuites>