<?xml version="1.0" encoding="utf-8"?><testsuites name="pytest tests"><testsuite name="pytest" errors="0" failures="0" skipped="0" tests="10" time="1.577" timestamp="2026-08-07T22:15:38.962806+00:00" hostname="agent-env-2c129834-1a56-4862-a82d-98d4820c6c4b"><testcase classname="tests.test_iteration7.TestYearlyStats" name="test_year_only_returns_full_year_aggregate" time="0.433" /><testcase classname="tests.test_iteration7.TestYearlyStats" name="test_year_events_match_sum" time="0.046" /><testcase classname="tests.test_iteration7.TestYearlyStats" name="test_year_with_no_events_returns_zeros" time="0.045" /><testcase classname="tests.test_iteration7.TestMonthlyStatsRegression" name="test_may_2026_only" time="0.046" /><testcase classname="tests.test_iteration7.TestMonthlyStatsRegression" name="test_june_2026_only" time="0.048" /><testcase classname="tests.test_iteration7.TestMonthlyStatsRegression" name="test_may_plus_june_equals_year" time="0.152" /><testcase classname="tests.test_iteration7.TestSideEndpointsRegression" name="test_wages_may_2026" time="0.047" /><testcase classname="tests.test_iteration7.TestSideEndpointsRegression" name="test_csv_export_may_2026" time="0.045" /><testcase classname="tests.test_iteration7.TestSideEndpointsRegression" name="test_ics_export_ok" time="0.047" /><testcase classname="tests.test_iteration7.TestYearAggregationOnFreshAccount" name="test_multi_year_isolation" time="0.592" /></testsuite></testsuites>