<?xml version="1.0" encoding="utf-8"?><testsuites name="pytest tests"><testsuite name="pytest" errors="0" failures="0" skipped="0" tests="15" time="4.687" timestamp="2026-08-30T15:39:08.755569+00:00" hostname="agent-env-2c129834-1a56-4862-a82d-98d4820c6c4b"><testcase classname="tests.test_iteration17_pre_event_email.TestPreEventEmailRegression" name="test_mapping_and_single_regulation_pdf[dorosli/okolicznosciowe-adults-Regulamin_Biesiada_pod_Lasem_DOROSLI.pdf]" time="0.708" /><testcase classname="tests.test_iteration17_pre_event_email.TestPreEventEmailRegression" name="test_mapping_and_single_regulation_pdf[dorosli/firmowe-adults-Regulamin_Biesiada_pod_Lasem_DOROSLI.pdf]" time="0.266" /><testcase classname="tests.test_iteration17_pre_event_email.TestPreEventEmailRegression" name="test_mapping_and_single_regulation_pdf[dzieci/urodzinki/standard-children-Regulamin_Biesiada_pod_Lasem_DZIECI.pdf]" time="0.274" /><testcase classname="tests.test_iteration17_pre_event_email.TestPreEventEmailRegression" name="test_mapping_and_single_regulation_pdf[warsztaty/przyrodnicze-children-Regulamin_Biesiada_pod_Lasem_DZIECI.pdf]" time="0.259" /><testcase classname="tests.test_iteration17_pre_event_email.TestPreEventEmailRegression" name="test_mapping_and_single_regulation_pdf[dzieci/wycieczki-children-Regulamin_Biesiada_pod_Lasem_DZIECI.pdf]" time="0.275" /><testcase classname="tests.test_iteration17_pre_event_email.TestPreEventEmailRegression" name="test_non_confirmed_status_not_scheduled" time="0.191" /><testcase classname="tests.test_iteration17_pre_event_email.TestPreEventEmailRegression" name="test_48h_warsaw_schedule_for_confirmed" time="0.198" /><testcase classname="tests.test_iteration17_pre_event_email.TestPreEventEmailRegression" name="test_late_confirmation_schedules_immediately" time="0.200" /><testcase classname="tests.test_iteration17_pre_event_email.TestPreEventEmailRegression" name="test_date_time_change_reschedules" time="0.309" /><testcase classname="tests.test_iteration17_pre_event_email.TestPreEventEmailRegression" name="test_status_change_cancels_schedule" time="0.327" /><testcase classname="tests.test_iteration17_pre_event_email.TestPreEventEmailRegression" name="test_missing_email_sets_no_email_failure" time="0.184" /><testcase classname="tests.test_iteration17_pre_event_email.TestPreEventEmailRegression" name="test_missing_email_creates_owner_admin_alert_notice" time="0.423" /><testcase classname="tests.test_iteration17_pre_event_email.TestPreEventEmailRegression" name="test_ordinary_edit_does_not_reschedule" time="0.313" /><testcase classname="tests.test_iteration17_pre_event_email.TestPreEventEmailRegression" name="test_sent_event_not_auto_rescheduled" time="0.190" /><testcase classname="tests.test_iteration17_pre_event_email.TestPreEventEmailRegression" name="test_status_call_persists_fields_on_event" time="0.257" /></testsuite></testsuites>