<?xml version="1.0" encoding="utf-8"?><testsuites name="pytest tests"><testsuite name="pytest" errors="2" failures="0" skipped="0" tests="2" time="4.159" timestamp="2026-09-05T00:15:57.644263+00:00" hostname="agent-env-2c129834-1a56-4862-a82d-98d4820c6c4b"><testcase classname="pytest" name="internal" time="0.000"><error message="internal error">def worker_internal_error(
        self, node: WorkerController, formatted_error: str
    ) -&gt; None:
        """
        pytest_internalerror() was called on the worker.
    
        pytest_internalerror() arguments are an excinfo and an excrepr, which can't
        be serialized, so we go with a poor man's solution of raising an exception
        here ourselves using the formatted message.
        """
        self._active_nodes.remove(node)
        try:
&gt;           assert False, formatted_error
E           AssertionError: Traceback (most recent call last):
E               File "/root/.venv/lib/python3.11/site-packages/_pytest/main.py", line 330, in wrap_session
E                 session.exitstatus = doit(config, session) or 0
E                                      ^^^^^^^^^^^^^^^^^^^^^
E               File "/root/.venv/lib/python3.11/site-packages/_pytest/main.py", line 383, in _main
E                 config.hook.pytest_collection(session=session)
E               File "/root/.venv/lib/python3.11/site-packages/pluggy/_hooks.py", line 512, in __call__
E                 return self._hookexec(self.name, self._hookimpls.copy(), kwargs, firstresult)
E                        ^^^^^^^^^^^^^^^^^^^^^^^^^^^^^^^^^^^^^^^^^^^^^^^^^^^^^^^^^^^^^^^^^^^^^^
E               File "/root/.venv/lib/python3.11/site-packages/pluggy/_manager.py", line 120, in _hookexec
E                 return self._inner_hookexec(hook_name, methods, kwargs, firstresult)
E                        ^^^^^^^^^^^^^^^^^^^^^^^^^^^^^^^^^^^^^^^^^^^^^^^^^^^^^^^^^^^^^
E               File "/root/.venv/lib/python3.11/site-packages/pluggy/_callers.py", line 167, in _multicall
E                 raise exception
E               File "/root/.venv/lib/python3.11/site-packages/pluggy/_callers.py", line 139, in _multicall
E                 teardown.throw(exception)
E               File "/root/.venv/lib/python3.11/site-packages/_pytest/logging.py", line 803, in pytest_collection
E                 return (yield)
E                         ^^^^^
E               File "/root/.venv/lib/python3.11/site-packages/pluggy/_callers.py", line 139, in _multicall
E                 teardown.throw(exception)
E               File "/root/.venv/lib/python3.11/site-packages/_pytest/warnings.py", line 99, in pytest_collection
E                 return (yield)
E                         ^^^^^
E               File "/root/.venv/lib/python3.11/site-packages/pluggy/_callers.py", line 139, in _multicall
E                 teardown.throw(exception)
E               File "/root/.venv/lib/python3.11/site-packages/_pytest/config/__init__.py", line 1445, in pytest_collection
E                 return (yield)
E                         ^^^^^
E               File "/root/.venv/lib/python3.11/site-packages/pluggy/_callers.py", line 121, in _multicall
E                 res = hook_impl.function(*args)
E                       ^^^^^^^^^^^^^^^^^^^^^^^^^
E               File "/root/.venv/lib/python3.11/site-packages/_pytest/main.py", line 394, in pytest_collection
E                 session.perform_collect()
E               File "/root/.venv/lib/python3.11/site-packages/_pytest/main.py", line 869, in perform_collect
E                 self.items.extend(self.genitems(node))
E               File "/root/.venv/lib/python3.11/site-packages/_pytest/main.py", line 1032, in genitems
E                 rep, duplicate = self._collect_one_node(node, handle_dupes)
E                                  ^^^^^^^^^^^^^^^^^^^^^^^^^^^^^^^^^^^^^^^^^^
E               File "/root/.venv/lib/python3.11/site-packages/_pytest/main.py", line 895, in _collect_one_node
E                 rep = collect_one_node(node)
E                       ^^^^^^^^^^^^^^^^^^^^^^
E               File "/root/.venv/lib/python3.11/site-packages/_pytest/runner.py", line 589, in collect_one_node
E                 rep: CollectReport = ihook.pytest_make_collect_report(collector=collector)
E                                      ^^^^^^^^^^^^^^^^^^^^^^^^^^^^^^^^^^^^^^^^^^^^^^^^^^^^^
E               File "/root/.venv/lib/python3.11/site-packages/pluggy/_hooks.py", line 512, in __call__
E                 return self._hookexec(self.name, self._hookimpls.copy(), kwargs, firstresult)
E                        ^^^^^^^^^^^^^^^^^^^^^^^^^^^^^^^^^^^^^^^^^^^^^^^^^^^^^^^^^^^^^^^^^^^^^^
E               File "/root/.venv/lib/python3.11/site-packages/pluggy/_manager.py", line 120, in _hookexec
E                 return self._inner_hookexec(hook_name, methods, kwargs, firstresult)
E                        ^^^^^^^^^^^^^^^^^^^^^^^^^^^^^^^^^^^^^^^^^^^^^^^^^^^^^^^^^^^^^
E               File "/root/.venv/lib/python3.11/site-packages/pluggy/_callers.py", line 167, in _multicall
E                 raise exception
E               File "/root/.venv/lib/python3.11/site-packages/pluggy/_callers.py", line 139, in _multicall
E                 teardown.throw(exception)
E               File "/root/.venv/lib/python3.11/site-packages/_pytest/fixtures.py", line 1798, in pytest_make_collect_report
E                 result = yield
E                          ^^^^^
E               File "/root/.venv/lib/python3.11/site-packages/pluggy/_callers.py", line 139, in _multicall
E                 teardown.throw(exception)
E               File "/root/.venv/lib/python3.11/site-packages/_pytest/capture.py", line 880, in pytest_make_collect_report
E                 rep = yield
E                       ^^^^^
E               File "/root/.venv/lib/python3.11/site-packages/pluggy/_callers.py", line 121, in _multicall
E                 res = hook_impl.function(*args)
E                       ^^^^^^^^^^^^^^^^^^^^^^^^^
E               File "/root/.venv/lib/python3.11/site-packages/_pytest/runner.py", line 408, in pytest_make_collect_report
E                 call = CallInfo.from_call(
E                        ^^^^^^^^^^^^^^^^^^^
E               File "/root/.venv/lib/python3.11/site-packages/_pytest/runner.py", line 361, in from_call
E                 result: TResult | None = func()
E                                          ^^^^^^
E               File "/root/.venv/lib/python3.11/site-packages/_pytest/runner.py", line 406, in collect
E                 return list(collector.collect())
E                             ^^^^^^^^^^^^^^^^^^^
E               File "/root/.venv/lib/python3.11/site-packages/_pytest/python.py", line 564, in collect
E                 self._register_setup_module_fixture()
E               File "/root/.venv/lib/python3.11/site-packages/_pytest/python.py", line 577, in _register_setup_module_fixture
E                 self.obj, ("setUpModule", "setup_module")
E                 ^^^^^^^^
E               File "/root/.venv/lib/python3.11/site-packages/_pytest/python.py", line 290, in obj
E                 self._obj = obj = self._getobj()
E                                   ^^^^^^^^^^^^^^
E               File "/root/.venv/lib/python3.11/site-packages/_pytest/python.py", line 561, in _getobj
E                 return importtestmodule(self.path, self.config)
E                        ^^^^^^^^^^^^^^^^^^^^^^^^^^^^^^^^^^^^^^^^
E               File "/root/.venv/lib/python3.11/site-packages/_pytest/python.py", line 508, in importtestmodule
E                 mod = import_path(
E                       ^^^^^^^^^^^^
E               File "/root/.venv/lib/python3.11/site-packages/_pytest/pathlib.py", line 596, in import_path
E                 importlib.import_module(module_name)
E               File "/usr/local/lib/python3.11/importlib/__init__.py", line 126, in import_module
E                 return _bootstrap._gcd_import(name[level:], package, level)
E                        ^^^^^^^^^^^^^^^^^^^^^^^^^^^^^^^^^^^^^^^^^^^^^^^^^^^^
E               File "&lt;frozen importlib._bootstrap&gt;", line 1204, in _gcd_import
E               File "&lt;frozen importlib._bootstrap&gt;", line 1176, in _find_and_load
E               File "&lt;frozen importlib._bootstrap&gt;", line 1147, in _find_and_load_unlocked
E               File "&lt;frozen importlib._bootstrap&gt;", line 690, in _load_unlocked
E               File "/root/.venv/lib/python3.11/site-packages/_pytest/assertion/rewrite.py", line 188, in exec_module
E                 exec(co, module.__dict__)
E               File "/app/backend/tests/test_availability_e2e.py", line 170, in &lt;module&gt;
E                 asyncio.run(main())
E               File "/usr/local/lib/python3.11/asyncio/runners.py", line 190, in run
E                 return runner.run(main)
E                        ^^^^^^^^^^^^^^^^
E               File "/usr/local/lib/python3.11/asyncio/runners.py", line 118, in run
E                 return self._loop.run_until_complete(task)
E                        ^^^^^^^^^^^^^^^^^^^^^^^^^^^^^^^^^^^
E               File "/usr/local/lib/python3.11/asyncio/base_events.py", line 641, in run_until_complete
E                 self.run_forever()
E               File "/usr/local/lib/python3.11/asyncio/base_events.py", line 608, in run_forever
E                 self._run_once()
E               File "/usr/local/lib/python3.11/asyncio/base_events.py", line 1936, in _run_once
E                 handle._run()
E               File "/usr/local/lib/python3.11/asyncio/events.py", line 84, in _run
E                 self._context.run(self._callback, *self._args)
E               File "/app/backend/tests/test_availability_e2e.py", line 167, in main
E                 sys.exit(1 if FAIL else 0)
E             SystemExit: 0
E           assert False

/root/.venv/lib/python3.11/site-packages/xdist/dsession.py:232: AssertionError</error><error message="internal error">Traceback (most recent call last):
  File "/root/.venv/lib/python3.11/site-packages/_pytest/main.py", line 330, in wrap_session
    session.exitstatus = doit(config, session) or 0
                         ^^^^^^^^^^^^^^^^^^^^^
  File "/root/.venv/lib/python3.11/site-packages/_pytest/main.py", line 384, in _main
    config.hook.pytest_runtestloop(session=session)
  File "/root/.venv/lib/python3.11/site-packages/pluggy/_hooks.py", line 512, in __call__
    return self._hookexec(self.name, self._hookimpls.copy(), kwargs, firstresult)
           ^^^^^^^^^^^^^^^^^^^^^^^^^^^^^^^^^^^^^^^^^^^^^^^^^^^^^^^^^^^^^^^^^^^^^^
  File "/root/.venv/lib/python3.11/site-packages/pluggy/_manager.py", line 120, in _hookexec
    return self._inner_hookexec(hook_name, methods, kwargs, firstresult)
           ^^^^^^^^^^^^^^^^^^^^^^^^^^^^^^^^^^^^^^^^^^^^^^^^^^^^^^^^^^^^^
  File "/root/.venv/lib/python3.11/site-packages/pluggy/_callers.py", line 167, in _multicall
    raise exception
  File "/root/.venv/lib/python3.11/site-packages/pluggy/_callers.py", line 139, in _multicall
    teardown.throw(exception)
  File "/root/.venv/lib/python3.11/site-packages/_pytest/logging.py", line 816, in pytest_runtestloop
    return (yield)  # Run all the tests.
            ^^^^^
  File "/root/.venv/lib/python3.11/site-packages/pluggy/_callers.py", line 139, in _multicall
    teardown.throw(exception)
  File "/root/.venv/lib/python3.11/site-packages/_pytest/terminal.py", line 708, in pytest_runtestloop
    result = yield
             ^^^^^
  File "/root/.venv/lib/python3.11/site-packages/pluggy/_callers.py", line 121, in _multicall
    res = hook_impl.function(*args)
          ^^^^^^^^^^^^^^^^^^^^^^^^^
  File "/root/.venv/lib/python3.11/site-packages/xdist/dsession.py", line 138, in pytest_runtestloop
    self.loop_once()
  File "/root/.venv/lib/python3.11/site-packages/xdist/dsession.py", line 163, in loop_once
    call(**kwargs)
  File "/root/.venv/lib/python3.11/site-packages/xdist/dsession.py", line 218, in worker_workerfinished
    self._active_nodes.remove(node)
KeyError: &lt;WorkerController gw0&gt;</error></testcase></testsuite></testsuites>