<?xml version="1.0" encoding="utf-8"?><testsuites name="pytest tests"><testsuite name="pytest" errors="0" failures="0" skipped="0" tests="22" time="7.087" timestamp="2026-08-12T00:50:50.372864+00:00" hostname="agent-env-2c129834-1a56-4862-a82d-98d4820c6c4b"><testcase classname="tests.test_iteration14_history.TestHistoryBasics" name="test_empty_history_new_user" time="0.570" /><testcase classname="tests.test_iteration14_history.TestHistoryBasics" name="test_history_endpoint_shape" time="0.506" /><testcase classname="tests.test_iteration14_history.TestEventAudit" name="test_event_create_logs" time="0.311" /><testcase classname="tests.test_iteration14_history.TestEventAudit" name="test_event_update_logs" time="0.268" /><testcase classname="tests.test_iteration14_history.TestEventAudit" name="test_event_delete_logs" time="0.215" /><testcase classname="tests.test_iteration14_history.TestEventAudit" name="test_history_sorted_desc" time="0.138" /><testcase classname="tests.test_iteration14_history.TestStaffAudit" name="test_staff_create_logs" time="0.202" /><testcase classname="tests.test_iteration14_history.TestStaffAudit" name="test_staff_update_logs" time="0.194" /><testcase classname="tests.test_iteration14_history.TestStaffAudit" name="test_staff_delete_logs" time="0.222" /><testcase classname="tests.test_iteration14_history.TestExpenseAudit" name="test_expense_create_logs" time="0.276" /><testcase classname="tests.test_iteration14_history.TestExpenseAudit" name="test_expense_update_logs" time="0.198" /><testcase classname="tests.test_iteration14_history.TestExpenseAudit" name="test_expense_delete_logs" time="0.200" /><testcase classname="tests.test_iteration14_history.TestWorkspaceIsolation" name="test_unrelated_user_has_no_entries" time="0.101" /><testcase classname="tests.test_iteration14_history.TestWorkspaceIsolation" name="test_user_a_has_multiple_entries" time="0.100" /><testcase classname="tests.test_iteration14_history.TestWorkspaceSharing" name="test_b_joins_a_and_sees_same_history" time="0.653" /><testcase classname="tests.test_iteration14_history.TestWorkspaceSharing" name="test_b_action_visible_to_a" time="0.296" /><testcase classname="tests.test_iteration14_history.TestWorkspaceSharing" name="test_b_leaves_workspace" time="0.199" /><testcase classname="tests.test_iteration14_history.TestClearHistory" name="test_delete_history_only_current_workspace" time="0.911" /><testcase classname="tests.test_iteration14_history.TestRegression" name="test_events_get_still_works" time="0.105" /><testcase classname="tests.test_iteration14_history.TestRegression" name="test_staff_get_still_works" time="0.093" /><testcase classname="tests.test_iteration14_history.TestRegression" name="test_expenses_get_still_works" time="0.102" /><testcase classname="tests.test_iteration14_history.TestRegression" name="test_history_limit_param" time="1.138" /></testsuite></testsuites>