<?xml version="1.0" encoding="utf-8"?><testsuites name="pytest tests"><testsuite name="pytest" errors="0" failures="0" skipped="0" tests="8" time="4.713" timestamp="2026-08-08T00:03:05.495970+00:00" hostname="agent-env-2c129834-1a56-4862-a82d-98d4820c6c4b"><testcase classname="tests.test_iteration10.TestWorkspace" name="test_workspace_default_own" time="0.973" /><testcase classname="tests.test_iteration10.TestWorkspace" name="test_join_own_code_rejected" time="0.124" /><testcase classname="tests.test_iteration10.TestWorkspace" name="test_join_invalid_code" time="0.180" /><testcase classname="tests.test_iteration10.TestWorkspace" name="test_full_share_flow" time="1.353" /><testcase classname="tests.test_iteration10.TestEventFields" name="test_package_set_and_revenue_net_roundtrip" time="0.295" /><testcase classname="tests.test_iteration10.TestRegression" name="test_login_existing_user" time="0.319" /><testcase classname="tests.test_iteration10.TestRegression" name="test_seeded_events_still_visible" time="0.528" /><testcase classname="tests.test_iteration10.TestRegression" name="test_staff_scoped" time="0.872" /></testsuite></testsuites>