<?xml version="1.0" encoding="utf-8"?><testsuites name="pytest tests"><testsuite name="pytest" errors="0" failures="0" skipped="0" tests="14" time="2.359" timestamp="2026-08-07T16:29:26.001628+00:00" hostname="agent-env-2c129834-1a56-4862-a82d-98d4820c6c4b"><testcase classname="tests.backend_test.TestAuth" name="test_register_duplicate" time="0.402" /><testcase classname="tests.backend_test.TestAuth" name="test_register_short_password" time="0.044" /><testcase classname="tests.backend_test.TestAuth" name="test_login_success" time="0.313" /><testcase classname="tests.backend_test.TestAuth" name="test_login_wrong_password" time="0.267" /><testcase classname="tests.backend_test.TestAuth" name="test_me_requires_auth" time="0.049" /><testcase classname="tests.backend_test.TestAuth" name="test_me_returns_user" time="0.052" /><testcase classname="tests.backend_test.TestStaff" name="test_staff_crud" time="0.258" /><testcase classname="tests.backend_test.TestStaff" name="test_staff_auth_required" time="0.055" /><testcase classname="tests.backend_test.TestEvents" name="test_create_event_computes_profit" time="0.302" /><testcase classname="tests.backend_test.TestEvents" name="test_list_events_filter_by_month" time="0.094" /><testcase classname="tests.backend_test.TestEvents" name="test_update_event_recomputes" time="0.047" /><testcase classname="tests.backend_test.TestEvents" name="test_delete_event" time="0.154" /><testcase classname="tests.backend_test.TestStats" name="test_stats_month" time="0.049" /><testcase classname="tests.backend_test.TestExport" name="test_csv_export" time="0.197" /></testsuite></testsuites>