<?xml version="1.0" encoding="utf-8"?><testsuites name="pytest tests"><testsuite name="pytest" errors="0" failures="0" skipped="0" tests="70" time="15.509" timestamp="2026-08-07T22:15:44.987197+00:00" hostname="agent-env-2c129834-1a56-4862-a82d-98d4820c6c4b"><testcase classname="tests.backend_test.TestAuth" name="test_register_duplicate" time="0.388" /><testcase classname="tests.backend_test.TestAuth" name="test_register_short_password" time="0.042" /><testcase classname="tests.backend_test.TestAuth" name="test_login_success" time="0.265" /><testcase classname="tests.backend_test.TestAuth" name="test_login_wrong_password" time="0.288" /><testcase classname="tests.backend_test.TestAuth" name="test_me_requires_auth" time="0.040" /><testcase classname="tests.backend_test.TestAuth" name="test_me_returns_user" time="0.042" /><testcase classname="tests.backend_test.TestStaff" name="test_staff_crud" time="0.265" /><testcase classname="tests.backend_test.TestStaff" name="test_staff_auth_required" time="0.043" /><testcase classname="tests.backend_test.TestEvents" name="test_create_event_computes_profit" time="0.236" /><testcase classname="tests.backend_test.TestEvents" name="test_list_events_filter_by_month" time="0.092" /><testcase classname="tests.backend_test.TestEvents" name="test_update_event_recomputes" time="0.044" /><testcase classname="tests.backend_test.TestEvents" name="test_delete_event" time="0.128" /><testcase classname="tests.backend_test.TestStats" name="test_stats_month" time="0.043" /><testcase classname="tests.backend_test.TestExport" name="test_csv_export" time="0.209" /><testcase classname="tests.test_iteration2.TestTemplates" name="test_templates_requires_auth" time="0.367" /><testcase classname="tests.test_iteration2.TestTemplates" name="test_templates_empty" time="0.043" /><testcase classname="tests.test_iteration2.TestTemplates" name="test_create_and_list_template" time="0.094" /><testcase classname="tests.test_iteration2.TestTemplates" name="test_delete_template" time="0.088" /><testcase classname="tests.test_iteration2.TestEventImage" name="test_event_accepts_image_url" time="0.085" /><testcase classname="tests.test_iteration2.TestBackup" name="test_export_backup_shape" time="0.133" /><testcase classname="tests.test_iteration2.TestBackup" name="test_import_merge_upserts" time="0.130" /><testcase classname="tests.test_iteration2.TestBackup" name="test_import_replace_wipes_and_reinserts" time="0.138" /><testcase classname="tests.test_iteration2.TestICal" name="test_ics_valid" time="0.043" /><testcase classname="tests.test_iteration3.TestStaffWages" name="test_wages_requires_auth" time="0.659" /><testcase classname="tests.test_iteration3.TestStaffWages" name="test_wages_month_shape_and_math" time="0.084" /><testcase classname="tests.test_iteration3.TestStaffWages" name="test_wages_all_time" time="0.044" /><testcase classname="tests.test_iteration3.TestStaffWages" name="test_wages_empty_month" time="0.040" /><testcase classname="tests.test_iteration3.TestSchedule" name="test_schedule_requires_auth" time="0.047" /><testcase classname="tests.test_iteration3.TestSchedule" name="test_schedule_month_grouping" time="0.041" /><testcase classname="tests.test_iteration3.TestCategory" name="test_event_category_roundtrip" time="0.246" /><testcase classname="tests.test_iteration3.TestCategory" name="test_event_no_category" time="0.081" /><testcase classname="tests.test_iteration3.TestCategory" name="test_template_category_roundtrip" time="0.082" /><testcase classname="tests.test_iteration4.TestIcsImport" name="test_requires_auth" time="0.358" /><testcase classname="tests.test_iteration4.TestIcsImport" name="test_import_basic_two_events_one_old" time="0.088" /><testcase classname="tests.test_iteration4.TestIcsImport" name="test_uid_dedupe" time="0.168" /><testcase classname="tests.test_iteration4.TestIcsImport" name="test_invalid_content_does_not_crash" time="0.043" /><testcase classname="tests.test_iteration4.TestIcsImport" name="test_empty_body_does_not_crash" time="0.044" /><testcase classname="tests.test_iteration4.TestIcsImport" name="test_years_back_respected" time="0.041" /><testcase classname="tests.test_iteration4.TestIcsExportProdId" name="test_export_ics_prodid_renamed" time="0.043" /><testcase classname="tests.test_iteration4.TestRegressionCore" name="test_login_seed_user" time="0.270" /><testcase classname="tests.test_iteration4.TestRegressionCore" name="test_stats_and_wages_and_schedule" time="0.168" /><testcase classname="tests.test_iteration4.TestRegressionCore" name="test_events_crud_smoke" time="0.211" /><testcase classname="tests.test_iteration5.TestDeleteAccount" name="test_delete_without_token_returns_401" time="0.134" /><testcase classname="tests.test_iteration5.TestDeleteAccount" name="test_delete_with_invalid_token_returns_401" time="0.095" /><testcase classname="tests.test_iteration5.TestDeleteAccount" name="test_delete_wipes_user_events_staff_templates" time="0.752" /><testcase classname="tests.test_iteration5.TestDeleteAccount" name="test_delete_isolation_other_user_unaffected" time="1.012" /><testcase classname="tests.test_iteration5.TestSeededUserRegression" name="test_seeded_login_and_me" time="0.362" /><testcase classname="tests.test_iteration5.TestSeededUserRegression" name="test_seeded_user_core_endpoints" time="0.599" /><testcase classname="tests.test_iteration5.TestJwtSecretEnv" name="test_jwt_secret_in_env_file" time="0.000" /><testcase classname="tests.test_iteration5.TestJwtSecretEnv" name="test_backend_up_and_root" time="0.087" /><testcase classname="tests.test_iteration6.TestSeededFinancials" name="test_events_endpoint_returns_labor_cost_for_seeded_wesele" time="0.365" /><testcase classname="tests.test_iteration6.TestSeededFinancials" name="test_stats_matches_events_aggregate" time="0.408" /><testcase classname="tests.test_iteration6.TestSeededFinancials" name="test_export_events_csv_matches_events" time="0.434" /><testcase classname="tests.test_iteration6.TestSeededFinancials" name="test_staff_wages_matches_events_labor" time="0.456" /><testcase classname="tests.test_iteration6.TestSeededFinancials" name="test_schedule_endpoint_ok" time="0.378" /><testcase classname="tests.test_iteration6.TestMultiShiftLaborCost" name="test_event_with_three_shifts_different_staff" time="0.791" /><testcase classname="tests.test_iteration6.TestMultiShiftLaborCost" name="test_event_with_nonexistent_staff_id_labor_zero" time="0.649" /><testcase classname="tests.test_iteration6.TestMultiShiftLaborCost" name="test_event_with_no_shifts_labor_zero" time="0.437" /><testcase classname="tests.test_iteration6.TestAuthRegression" name="test_register_login_delete" time="1.041" /><testcase classname="tests.test_iteration6.TestFrontendEnv" name="test_metro_cache_root_is_quoted" time="0.000" /><testcase classname="tests.test_iteration7.TestYearlyStats" name="test_year_only_returns_full_year_aggregate" time="0.357" /><testcase classname="tests.test_iteration7.TestYearlyStats" name="test_year_events_match_sum" time="0.044" /><testcase classname="tests.test_iteration7.TestYearlyStats" name="test_year_with_no_events_returns_zeros" time="0.042" /><testcase classname="tests.test_iteration7.TestMonthlyStatsRegression" name="test_may_2026_only" time="0.045" /><testcase classname="tests.test_iteration7.TestMonthlyStatsRegression" name="test_june_2026_only" time="0.043" /><testcase classname="tests.test_iteration7.TestMonthlyStatsRegression" name="test_may_plus_june_equals_year" time="0.127" /><testcase classname="tests.test_iteration7.TestSideEndpointsRegression" name="test_wages_may_2026" time="0.044" /><testcase classname="tests.test_iteration7.TestSideEndpointsRegression" name="test_csv_export_may_2026" time="0.049" /><testcase classname="tests.test_iteration7.TestSideEndpointsRegression" name="test_ics_export_ok" time="0.042" /><testcase classname="tests.test_iteration7.TestYearAggregationOnFreshAccount" name="test_multi_year_isolation" time="0.614" /></testsuite></testsuites>